<?xml version="1.0" encoding="UTF-8"?>
<!-- Generated by org.testng.reporters.JUnitXMLReporter -->
<testsuite hostname="DESKTOP-805UE8S" ignored="0" name="TestB" tests="8" failures="0" timestamp="24 Aug 2020 14:43:48 GMT" time="0.199" errors="0">
  <testcase name="createNewUser" time="0.01" classname="TestScenario.Parameterization"/>
  <testcase name="createNewUser" time="0.006" classname="TestScenario.Parameterization"/>
  <testcase name="deleteNewUser" time="0.005" classname="TestScenario.Parameterization"/>
  <testcase name="deleteNewUser" time="0.005" classname="TestScenario.Parameterization"/>
  <testcase name="LoginBankApp" time="0.008" classname="TestScenario.BankingApplication"/>
  <testcase name="checkBalance" time="0.002" classname="TestScenario.BankingApplication"/>
  <testcase name="BalanceTransfer" time="0.001" classname="TestScenario.BankingApplication"/>
  <testcase name="LogoutBankApp" time="0.001" classname="TestScenario.BankingApplication"/>
</testsuite> <!-- TestB -->
