<?xml version="1.0" encoding="UTF-8"?>
<!-- Generated by org.testng.reporters.JUnitXMLReporter -->
<testsuite hostname="DESKTOP-20FUL3E" ignored="0" name="Test" tests="8" failures="0" timestamp="2020-11-02T09:26:04 IST" time="0.033" errors="0">
  <testcase name="LoginBankApp" time="0.001" classname="TestScenario.BankingApplication"/>
  <testcase name="checkBalance" time="0.001" classname="TestScenario.BankingApplication"/>
  <testcase name="BalanceTransfer" time="0.001" classname="TestScenario.BankingApplication"/>
  <testcase name="LogoutBankApp" time="0.001" classname="TestScenario.BankingApplication"/>
  <testcase name="createNewUser" time="0.001" classname="TestScenario.Parameterization"/>
  <testcase name="createNewUser" time="0.001" classname="TestScenario.Parameterization"/>
  <testcase name="deleteNewUser" time="0.0" classname="TestScenario.Parameterization"/>
  <testcase name="deleteNewUser" time="0.001" classname="TestScenario.Parameterization"/>
</testsuite> <!-- Test -->
