<?xml version="1.0" encoding="UTF-8"?>
<!-- Generated by org.testng.reporters.JUnitXMLReporter -->
<testsuite hostname="DESKTOP-20FUL3E" ignored="0" name="Default test" tests="4" failures="0" timestamp="2020-11-04T16:04:01 IST" time="0.082" errors="0">
  <testcase name="LoginBankApp" time="0.009" classname="TestScenario.BankingApplication"/>
  <testcase name="checkBalance" time="0.001" classname="TestScenario.BankingApplication"/>
  <testcase name="BalanceTransfer" time="0.002" classname="TestScenario.BankingApplication"/>
  <testcase name="LogoutBankApp" time="0.001" classname="TestScenario.BankingApplication"/>
</testsuite> <!-- Default test -->
