<?xml version="1.0" encoding="UTF-8"?>
<!-- Generated by org.testng.reporters.JUnitXMLReporter -->
<testsuite hostname="DESKTOP-20FUL3E" ignored="0" name="Test" tests="11" failures="0" timestamp="2020-11-02T09:14:02 IST" time="0.093" errors="0">
  <testcase name="LoginBankApp" time="0.004" classname="TestScenario.BankingApplication"/>
  <testcase name="checkBalance" time="0.001" classname="TestScenario.BankingApplication"/>
  <testcase name="BalanceTransfer" time="0.001" classname="TestScenario.BankingApplication"/>
  <testcase name="LogoutBankApp" time="0.001" classname="TestScenario.BankingApplication"/>
  <testcase name="createNewUser" time="0.001" classname="TestScenario.Parameterization"/>
  <testcase name="createNewUser" time="0.001" classname="TestScenario.Parameterization"/>
  <testcase name="deleteNewUser" time="0.001" classname="TestScenario.Parameterization"/>
  <testcase name="deleteNewUser" time="0.001" classname="TestScenario.Parameterization"/>
  <testcase name="checkout" time="0.001" classname="TestScenario.FirstTestNGTestase"/>
  <testcase name="selectPhone" time="0.007" classname="TestScenario.FirstTestNGTestase"/>
  <testcase name="search" time="0.001" classname="TestScenario.FirstTestNGTestase"/>
</testsuite> <!-- Test -->
