<?xml version="1.0" encoding="UTF-8"?>
<!-- Generated by org.testng.reporters.JUnitXMLReporter -->
<testsuite hostname="DESKTOP-20FUL3E" ignored="0" name="Test" tests="3" failures="0" timestamp="2020-11-02T09:26:04 IST" time="0.046" errors="0">
  <testcase name="checkout" time="0.007" classname="TestScenario.FirstTestNGTestase"/>
  <testcase name="selectPhone" time="0.006" classname="TestScenario.FirstTestNGTestase"/>
  <testcase name="search" time="0.001" classname="TestScenario.FirstTestNGTestase"/>
</testsuite> <!-- Test -->
