<?xml version="1.0" encoding="UTF-8"?>
<testng-results skipped="0" failed="0" ignored="0" total="1" passed="1">
  <reporter-output>
  </reporter-output>
  <suite name="Default suite" duration-ms="17261" started-at="2020-12-14T17:33:24 IST" finished-at="2020-12-14T17:33:42 IST">
    <groups>
    </groups>
    <test name="Default test" duration-ms="17261" started-at="2020-12-14T17:33:24 IST" finished-at="2020-12-14T17:33:42 IST">
      <class name="TestScenario.Selenium4fetures">
        <test-method status="PASS" signature="setUP()[pri:0, instance:TestScenario.Selenium4fetures@cb51256]" name="setUP" is-config="true" duration-ms="6488" started-at="2020-12-14T17:33:24 IST" finished-at="2020-12-14T17:33:31 IST">
          <reporter-output>
          </reporter-output>
        </test-method> <!-- setUP -->
        <test-method status="PASS" signature="openNewBrowserTab()[pri:0, instance:TestScenario.Selenium4fetures@cb51256]" name="openNewBrowserTab" duration-ms="10735" started-at="2020-12-14T17:33:31 IST" finished-at="2020-12-14T17:33:42 IST">
          <reporter-output>
          </reporter-output>
        </test-method> <!-- openNewBrowserTab -->
      </class> <!-- TestScenario.Selenium4fetures -->
    </test> <!-- Default test -->
  </suite> <!-- Default suite -->
</testng-results>
