<?xml version="1.0" encoding="UTF-8"?>
<!-- Generated by org.testng.reporters.JUnitXMLReporter -->
<testsuite hostname="DESKTOP-805UE8S" ignored="0" name="TestA" tests="3" failures="1" timestamp="24 Aug 2020 14:43:48 GMT" time="0.166" errors="0">
  <testcase name="search" time="0.026" classname="TestScenario.FirstTestNGTestase"/>
  <testcase name="selectPhone" time="0.055" classname="TestScenario.FirstTestNGTestase">
    <failure type="java.lang.AssertionError" message="The following asserts failed:
	expected [ABC] but found [ABCD],
	Failed due to invalid data">
      <![CDATA[java.lang.AssertionError: The following asserts failed:
	expected [ABC] but found [ABCD],
	Failed due to invalid data
	at TestScenario.FirstTestNGTestase.selectPhone(FirstTestNGTestase.java:45)
... Removed 27 stack frames]]>
    </failure>
  </testcase> <!-- selectPhone -->
  <testcase name="checkout" time="0.01" classname="TestScenario.FirstTestNGTestase"/>
</testsuite> <!-- TestA -->
